TN:
SF:script/DeployNSCEngine.s.sol
FN:13,DeployNSCEngine.run
FNDA:8,DeployNSCEngine.run
DA:14,8
DA:15,8
DA:16,8
DA:18,8
DA:19,8
DA:21,8
DA:22,8
DA:23,8
DA:24,8
DA:25,8
DA:27,8
FNF:1
FNH:1
LF:11
LH:11
BRF:0
BRH:0
end_of_record
TN:
SF:script/DeployNexusStableCoin.s.sol
FN:8,DeployNexusStableCoin.run
FNDA:9,DeployNexusStableCoin.run
DA:9,9
DA:10,9
DA:11,9
DA:12,9
FNF:1
FNH:1
LF:4
LH:4
BRF:0
BRH:0
end_of_record
TN:
SF:script/HelperConfig.s.sol
FN:25,HelperConfig.
FNDA:8,HelperConfig.
DA:26,8
BRDA:26,0,0,-
BRDA:26,0,1,8
DA:27,0
DA:29,8
FN:33,HelperConfig.getSepoliaEthConfig
FNDA:0,HelperConfig.getSepoliaEthConfig
DA:34,0
FN:43,HelperConfig.getOrCreateAnvilEthConfig
FNDA:8,HelperConfig.getOrCreateAnvilEthConfig
DA:44,8
BRDA:44,1,0,-
DA:45,0
DA:48,8
DA:49,8
DA:50,8
DA:52,8
DA:53,8
DA:55,8
DA:57,8
FNF:3
FNH:2
LF:13
LH:10
BRF:3
BRH:1
end_of_record
TN:
SF:src/NSCEngine.sol
FN:80,NSCEngine.moreThanZero
FNDA:3,NSCEngine.moreThanZero
DA:81,3
BRDA:81,0,0,1
FN:85,NSCEngine.isAllowedToken
FNDA:3,NSCEngine.isAllowedToken
DA:86,3
BRDA:86,1,0,1
DA:87,1
FN:100,NSCEngine.
FNDA:9,NSCEngine.
DA:101,9
BRDA:101,2,0,1
DA:102,1
DA:105,8
DA:106,16
DA:107,16
DA:109,8
FN:115,NSCEngine.depositCollateralAndMint
FNDA:0,NSCEngine.depositCollateralAndMint
FN:122,NSCEngine.depositCollateral
FNDA:4,NSCEngine.depositCollateral
DA:128,2
DA:129,2
DA:130,2
DA:131,2
BRDA:131,3,0,-
DA:132,0
FN:136,NSCEngine.redeemCollateralforNSC
FNDA:0,NSCEngine.redeemCollateralforNSC
FN:138,NSCEngine.redeemCollateral
FNDA:0,NSCEngine.redeemCollateral
FN:145,NSCEngine.mintNSC
FNDA:3,NSCEngine.mintNSC
DA:146,2
DA:147,2
DA:148,1
DA:149,1
BRDA:149,4,0,-
DA:150,0
FN:154,NSCEngine.burnNSC
FNDA:0,NSCEngine.burnNSC
FN:156,NSCEngine.liquidate
FNDA:0,NSCEngine.liquidate
FN:158,NSCEngine.getHealthFactor
FNDA:0,NSCEngine.getHealthFactor
FN:163,NSCEngine._getAccountInformation
FNDA:2,NSCEngine._getAccountInformation
DA:168,2
DA:169,2
FN:178,NSCEngine._healthFactor
FNDA:2,NSCEngine._healthFactor
DA:179,2
DA:180,2
DA:181,2
DA:182,2
FN:189,NSCEngine._revertIfHealthFactorIsBroken
FNDA:2,NSCEngine._revertIfHealthFactorIsBroken
DA:190,2
DA:191,2
BRDA:191,5,0,1
DA:192,1
FN:199,NSCEngine.getAccountCollateralValue
FNDA:1,NSCEngine.getAccountCollateralValue
DA:200,3
DA:201,6
DA:202,6
DA:203,6
FN:207,NSCEngine.getUsdValue
FNDA:2,NSCEngine.getUsdValue
DA:208,8
DA:209,8
DA:210,8
FNF:16
FNH:10
LF:35
LH:33
BRF:6
BRH:4
end_of_record
TN:
SF:src/NexusStableCoin.sol
FN:23,NexusStableCoin.burn
FNDA:4,NexusStableCoin.burn
DA:24,3
DA:25,3
BRDA:25,0,0,1
DA:26,2
DA:27,1
BRDA:27,1,0,1
DA:28,1
FN:31,NexusStableCoin.mint
FNDA:7,NexusStableCoin.mint
DA:35,6
BRDA:35,2,0,1
DA:36,5
BRDA:36,3,0,1
DA:37,4
DA:38,4
FNF:2
FNH:2
LF:9
LH:9
BRF:4
BRH:4
end_of_record
TN:
SF:test/mocks/MockV3Aggregator.sol
FN:24,MockV3Aggregator.
FNDA:16,MockV3Aggregator.
DA:25,16
DA:26,16
FN:29,MockV3Aggregator.updateAnswer
FNDA:16,MockV3Aggregator.updateAnswer
DA:30,16
DA:31,16
DA:32,16
DA:33,16
DA:34,16
DA:35,16
FN:38,MockV3Aggregator.updateRoundData
FNDA:0,MockV3Aggregator.updateRoundData
DA:39,0
DA:40,0
DA:41,0
DA:42,0
DA:43,0
DA:44,0
FN:47,MockV3Aggregator.getRoundData
FNDA:0,MockV3Aggregator.getRoundData
DA:52,0
FN:55,MockV3Aggregator.latestRoundData
FNDA:8,MockV3Aggregator.latestRoundData
DA:60,8
FN:69,MockV3Aggregator.description
FNDA:0,MockV3Aggregator.description
DA:70,0
FNF:6
FNH:3
LF:17
LH:9
BRF:0
BRH:0
end_of_record
